[debug] [2021-01-17T17:04:27.564Z] ----------------------------------------------------------------------
[debug] [2021-01-17T17:04:27.566Z] Command:       /usr/local/Cellar/node/14.9.0/bin/node /usr/local/bin/firebase emulators:start --only functions
[debug] [2021-01-17T17:04:27.566Z] CLI Version:   9.2.0
[debug] [2021-01-17T17:04:27.566Z] Platform:      darwin
[debug] [2021-01-17T17:04:27.566Z] Node Version:  v14.9.0
[debug] [2021-01-17T17:04:27.567Z] Time:          Sun Jan 17 2021 17:04:27 GMT+0000 (Greenwich Mean Time)
[debug] [2021-01-17T17:04:27.567Z] ----------------------------------------------------------------------
[debug] [2021-01-17T17:04:27.567Z] 
[debug] [2021-01-17T17:04:27.575Z] > command requires scopes: ["email","openid","https://www.googleapis.com/auth/cloudplatformprojects.readonly","https://www.googleapis.com/auth/firebase","https://www.googleapis.com/auth/cloud-platform"]
[debug] [2021-01-17T17:04:27.575Z] > authorizing via signed-in user
[info] i  emulators: Starting emulators: functions {"metadata":{"emulator":{"name":"hub"},"message":"Starting emulators: functions"}}
[debug] [2021-01-17T17:04:27.594Z] [hub] writing locator at /var/folders/z1/3hdz7nxd107f4t5sw3r7nzy40000gn/T/hub-gina-corrieri.json
[warn] ⚠  functions: The following emulators are not running, calls to these services from the Functions emulator will affect production: auth, firestore, database, hosting, pubsub {"metadata":{"emulator":{"name":"functions"},"message":"The following emulators are not running, calls to these services from the Functions emulator will affect production: \u001b[1mauth, firestore, database, hosting, pubsub\u001b[22m"}}
[warn] ⚠  Your requested "node" version "12" doesn't match your global version "14" {"metadata":{"emulator":{"name":"functions"},"message":"Your requested \"node\" version \"12\" doesn't match your global version \"14\""}}
[debug] [2021-01-17T17:04:27.611Z] defaultcredentials: writing to file /Users/matthewgilligan/.config/firebase/gina_ginacorrieri_com_application_default_credentials.json
[debug] [2021-01-17T17:04:27.620Z] Setting GAC to /Users/matthewgilligan/.config/firebase/gina_ginacorrieri_com_application_default_credentials.json {"metadata":{"emulator":{"name":"functions"},"message":"Setting GAC to /Users/matthewgilligan/.config/firebase/gina_ginacorrieri_com_application_default_credentials.json"}}
[debug] [2021-01-17T17:04:27.622Z] > refreshing access token with scopes: []
[debug] [2021-01-17T17:04:27.623Z] >>> HTTP REQUEST POST https://www.googleapis.com/oauth2/v3/token  
 <request body omitted>
[debug] [2021-01-17T17:04:27.953Z] <<< HTTP RESPONSE 200 {"expires":"Mon, 01 Jan 1990 00:00:00 GMT","pragma":"no-cache","date":"Sun, 17 Jan 2021 17:04:28 GMT","cache-control":"no-cache, no-store, max-age=0, must-revalidate","content-type":"application/json; charset=utf-8","vary":"X-Origin, Referer, Origin,Accept-Encoding","server":"scaffolding on HTTPServer2","x-xss-protection":"0","x-frame-options":"SAMEORIGIN","x-content-type-options":"nosniff","alt-svc":"h3-29=\":443\"; ma=2592000,h3-T051=\":443\"; ma=2592000,h3-Q050=\":443\"; ma=2592000,h3-Q046=\":443\"; ma=2592000,h3-Q043=\":443\"; ma=2592000,quic=\":443\"; ma=2592000; v=\"46,43\"","accept-ranges":"none","transfer-encoding":"chunked"}
[debug] [2021-01-17T17:04:27.989Z] >>> [apiv2][query] GET https://firebase.googleapis.com/v1beta1/projects/gina-corrieri/adminSdkConfig [none]
[debug] [2021-01-17T17:04:28.334Z] <<< [apiv2][status] GET https://firebase.googleapis.com/v1beta1/projects/gina-corrieri/adminSdkConfig 200
[debug] [2021-01-17T17:04:28.334Z] <<< [apiv2][body] GET https://firebase.googleapis.com/v1beta1/projects/gina-corrieri/adminSdkConfig {"projectId":"gina-corrieri","databaseURL":"https://gina-corrieri-default-rtdb.europe-west1.firebasedatabase.app","storageBucket":"gina-corrieri.appspot.com","locationId":"europe-west"}
[debug] [2021-01-17T17:04:28.626Z] Ignoring unsupported arg: auto_download {"metadata":{"emulator":{"name":"ui"},"message":"Ignoring unsupported arg: auto_download"}}
[debug] [2021-01-17T17:04:28.627Z] Ignoring unsupported arg: port {"metadata":{"emulator":{"name":"ui"},"message":"Ignoring unsupported arg: port"}}
[debug] [2021-01-17T17:04:28.627Z] Starting Emulator UI with command {"binary":"node","args":["/Users/matthewgilligan/.cache/firebase/emulators/ui-v1.4.1/server.bundle.js"],"optionalArgs":[],"joinArgs":false} {"metadata":{"emulator":{"name":"ui"},"message":"Starting Emulator UI with command {\"binary\":\"node\",\"args\":[\"/Users/matthewgilligan/.cache/firebase/emulators/ui-v1.4.1/server.bundle.js\"],\"optionalArgs\":[],\"joinArgs\":false}"}}
[info] i  ui: Emulator UI logging to ui-debug.log {"metadata":{"emulator":{"name":"ui"},"message":"Emulator UI logging to \u001b[1mui-debug.log\u001b[22m"}}
[debug] [2021-01-17T17:04:28.721Z] Web / API server started at http://localhost:4000
 {"metadata":{"emulator":{"name":"ui"},"message":"Web / API server started at http://localhost:4000\n"}}
[info] i  functions: Watching "/Users/matthewgilligan/Code/freelance/gina-corrieri/functions" for Cloud Functions... {"metadata":{"emulator":{"name":"functions"},"message":"Watching \"/Users/matthewgilligan/Code/freelance/gina-corrieri/functions\" for Cloud Functions..."}}
[debug] [2021-01-17T17:04:28.898Z] [worker-pool] addWorker(~diagnostic~) {"metadata":{"emulator":{"name":"functions"},"message":"[worker-pool] addWorker(~diagnostic~)"}}
[debug] [2021-01-17T17:04:28.899Z] [worker-pool] Adding worker with key ~diagnostic~, total=1 {"metadata":{"emulator":{"name":"functions"},"message":"[worker-pool] Adding worker with key ~diagnostic~, total=1"}}
[debug] [2021-01-17T17:04:28.899Z] [worker-pool] submitWork(triggerId=) {"metadata":{"emulator":{"name":"functions"},"message":"[worker-pool] submitWork(triggerId=)"}}
[debug] [2021-01-17T17:04:28.899Z] [worker-~diagnostic~-6ecbcfec-73b0-466e-b859-9d0dfa60555e]: Assigning socketPath: /var/folders/z1/3hdz7nxd107f4t5sw3r7nzy40000gn/T/fire_emu_4423.sock {"metadata":{"emulator":{"name":"functions"},"message":"[worker-~diagnostic~-6ecbcfec-73b0-466e-b859-9d0dfa60555e]: Assigning socketPath: /var/folders/z1/3hdz7nxd107f4t5sw3r7nzy40000gn/T/fire_emu_4423.sock"}}
[debug] [2021-01-17T17:04:28.899Z] [worker-~diagnostic~-6ecbcfec-73b0-466e-b859-9d0dfa60555e]: BUSY {"metadata":{"emulator":{"name":"functions"},"message":"[worker-~diagnostic~-6ecbcfec-73b0-466e-b859-9d0dfa60555e]: BUSY"}}
[debug] [2021-01-17T17:04:29.028Z] [runtime-status] [4423] Functions runtime initialized. {"cwd":"/Users/matthewgilligan/Code/freelance/gina-corrieri/functions","node_version":"14.9.0"} {"metadata":{"emulator":{"name":"functions"},"message":"[runtime-status] [4423] Functions runtime initialized. {\"cwd\":\"/Users/matthewgilligan/Code/freelance/gina-corrieri/functions\",\"node_version\":\"14.9.0\"}"}}
[debug] [2021-01-17T17:04:29.029Z] [runtime-status] [4423] Disabled runtime features: undefined {"metadata":{"emulator":{"name":"functions"},"message":"[runtime-status] [4423] Disabled runtime features: undefined"}}
[debug] [2021-01-17T17:04:29.031Z] [runtime-status] [4423] Resolved module firebase-admin {"declared":true,"installed":true,"version":"9.4.2","resolution":"/Users/matthewgilligan/Code/freelance/gina-corrieri/functions/node_modules/firebase-admin/lib/index.js"} {"metadata":{"emulator":{"name":"functions"},"message":"[runtime-status] [4423] Resolved module firebase-admin {\"declared\":true,\"installed\":true,\"version\":\"9.4.2\",\"resolution\":\"/Users/matthewgilligan/Code/freelance/gina-corrieri/functions/node_modules/firebase-admin/lib/index.js\"}"}}
[debug] [2021-01-17T17:04:29.033Z] [runtime-status] [4423] Resolved module firebase-functions {"declared":true,"installed":true,"version":"3.13.1","resolution":"/Users/matthewgilligan/Code/freelance/gina-corrieri/functions/node_modules/firebase-functions/lib/index.js"} {"metadata":{"emulator":{"name":"functions"},"message":"[runtime-status] [4423] Resolved module firebase-functions {\"declared\":true,\"installed\":true,\"version\":\"3.13.1\",\"resolution\":\"/Users/matthewgilligan/Code/freelance/gina-corrieri/functions/node_modules/firebase-functions/lib/index.js\"}"}}
[debug] [2021-01-17T17:04:29.035Z] [runtime-status] [4423] Resolved module firebase-functions {"declared":true,"installed":true,"version":"3.13.1","resolution":"/Users/matthewgilligan/Code/freelance/gina-corrieri/functions/node_modules/firebase-functions/lib/index.js"} {"metadata":{"emulator":{"name":"functions"},"message":"[runtime-status] [4423] Resolved module firebase-functions {\"declared\":true,\"installed\":true,\"version\":\"3.13.1\",\"resolution\":\"/Users/matthewgilligan/Code/freelance/gina-corrieri/functions/node_modules/firebase-functions/lib/index.js\"}"}}
[debug] [2021-01-17T17:04:29.036Z] [runtime-status] [4423] Outgoing network have been stubbed. [{"name":"http","status":"mocked"},{"name":"http","status":"mocked"},{"name":"https","status":"mocked"},{"name":"https","status":"mocked"},{"name":"net","status":"mocked"}] {"metadata":{"emulator":{"name":"functions"},"message":"[runtime-status] [4423] Outgoing network have been stubbed. [{\"name\":\"http\",\"status\":\"mocked\"},{\"name\":\"http\",\"status\":\"mocked\"},{\"name\":\"https\",\"status\":\"mocked\"},{\"name\":\"https\",\"status\":\"mocked\"},{\"name\":\"net\",\"status\":\"mocked\"}]"}}
[debug] [2021-01-17T17:04:29.036Z] [runtime-status] [4423] Resolved module firebase-functions {"declared":true,"installed":true,"version":"3.13.1","resolution":"/Users/matthewgilligan/Code/freelance/gina-corrieri/functions/node_modules/firebase-functions/lib/index.js"} {"metadata":{"emulator":{"name":"functions"},"message":"[runtime-status] [4423] Resolved module firebase-functions {\"declared\":true,\"installed\":true,\"version\":\"3.13.1\",\"resolution\":\"/Users/matthewgilligan/Code/freelance/gina-corrieri/functions/node_modules/firebase-functions/lib/index.js\"}"}}
[debug] [2021-01-17T17:04:29.090Z] [runtime-status] [4423] Checked functions.config() {"config":{}} {"metadata":{"emulator":{"name":"functions"},"message":"[runtime-status] [4423] Checked functions.config() {\"config\":{}}"}}
[debug] [2021-01-17T17:04:29.091Z] [runtime-status] [4423] firebase-functions has been stubbed. {"functionsResolution":{"declared":true,"installed":true,"version":"3.13.1","resolution":"/Users/matthewgilligan/Code/freelance/gina-corrieri/functions/node_modules/firebase-functions/lib/index.js"}} {"metadata":{"emulator":{"name":"functions"},"message":"[runtime-status] [4423] firebase-functions has been stubbed. {\"functionsResolution\":{\"declared\":true,\"installed\":true,\"version\":\"3.13.1\",\"resolution\":\"/Users/matthewgilligan/Code/freelance/gina-corrieri/functions/node_modules/firebase-functions/lib/index.js\"}}"}}
[debug] [2021-01-17T17:04:29.091Z] [runtime-status] [4423] Resolved module firebase-functions {"declared":true,"installed":true,"version":"3.13.1","resolution":"/Users/matthewgilligan/Code/freelance/gina-corrieri/functions/node_modules/firebase-functions/lib/index.js"} {"metadata":{"emulator":{"name":"functions"},"message":"[runtime-status] [4423] Resolved module firebase-functions {\"declared\":true,\"installed\":true,\"version\":\"3.13.1\",\"resolution\":\"/Users/matthewgilligan/Code/freelance/gina-corrieri/functions/node_modules/firebase-functions/lib/index.js\"}"}}
[debug] [2021-01-17T17:04:29.092Z] [runtime-status] [4423] Resolved module firebase-admin {"declared":true,"installed":true,"version":"9.4.2","resolution":"/Users/matthewgilligan/Code/freelance/gina-corrieri/functions/node_modules/firebase-admin/lib/index.js"} {"metadata":{"emulator":{"name":"functions"},"message":"[runtime-status] [4423] Resolved module firebase-admin {\"declared\":true,\"installed\":true,\"version\":\"9.4.2\",\"resolution\":\"/Users/matthewgilligan/Code/freelance/gina-corrieri/functions/node_modules/firebase-admin/lib/index.js\"}"}}
[debug] [2021-01-17T17:04:29.092Z] [runtime-status] [4423] Resolved module firebase-functions {"declared":true,"installed":true,"version":"3.13.1","resolution":"/Users/matthewgilligan/Code/freelance/gina-corrieri/functions/node_modules/firebase-functions/lib/index.js"} {"metadata":{"emulator":{"name":"functions"},"message":"[runtime-status] [4423] Resolved module firebase-functions {\"declared\":true,\"installed\":true,\"version\":\"3.13.1\",\"resolution\":\"/Users/matthewgilligan/Code/freelance/gina-corrieri/functions/node_modules/firebase-functions/lib/index.js\"}"}}
[debug] [2021-01-17T17:04:29.092Z] [runtime-status] [4423] firebase-admin has been stubbed. {"adminResolution":{"declared":true,"installed":true,"version":"9.4.2","resolution":"/Users/matthewgilligan/Code/freelance/gina-corrieri/functions/node_modules/firebase-admin/lib/index.js"}} {"metadata":{"emulator":{"name":"functions"},"message":"[runtime-status] [4423] firebase-admin has been stubbed. {\"adminResolution\":{\"declared\":true,\"installed\":true,\"version\":\"9.4.2\",\"resolution\":\"/Users/matthewgilligan/Code/freelance/gina-corrieri/functions/node_modules/firebase-admin/lib/index.js\"}}"}}
[info] ✔  functions[api]: http function initialized (http://localhost:5001/gina-corrieri/us-central1/api). {"metadata":{"emulator":{"name":"functions"},"message":"\u001b[1mhttp\u001b[22m function initialized (http://localhost:5001/gina-corrieri/us-central1/api)."}}
[info] 
┌─────────────────────────────────────────────────────────────┐
│ ✔  All emulators ready! It is now safe to connect your app. │
│ i  View Emulator UI at http://localhost:4000                │
└─────────────────────────────────────────────────────────────┘

┌───────────┬────────────────┬─────────────────────────────────┐
│ Emulator  │ Host:Port      │ View in Emulator UI             │
├───────────┼────────────────┼─────────────────────────────────┤
│ Functions │ localhost:5001 │ http://localhost:4000/functions │
└───────────┴────────────────┴─────────────────────────────────┘
  Emulator Hub running at localhost:4400
  Other reserved ports: 4500

Issues? Report them at https://github.com/firebase/firebase-tools/issues and attach the *-debug.log files.
 
[debug] [2021-01-17T17:04:29.250Z] [worker-~diagnostic~-6ecbcfec-73b0-466e-b859-9d0dfa60555e]: IDLE {"metadata":{"emulator":{"name":"functions"},"message":"[worker-~diagnostic~-6ecbcfec-73b0-466e-b859-9d0dfa60555e]: IDLE"}}
[debug] [2021-01-17T17:04:31.696Z] ----------------------------------------------------------------------
[debug] [2021-01-17T17:04:31.698Z] Command:       /usr/local/Cellar/node/14.9.0/bin/node /usr/local/bin/firebase functions:shell
[debug] [2021-01-17T17:04:31.698Z] CLI Version:   9.2.0
[debug] [2021-01-17T17:04:31.698Z] Platform:      darwin
[debug] [2021-01-17T17:04:31.698Z] Node Version:  v14.9.0
[debug] [2021-01-17T17:04:31.699Z] Time:          Sun Jan 17 2021 17:04:31 GMT+0000 (Greenwich Mean Time)
[debug] [2021-01-17T17:04:31.699Z] ----------------------------------------------------------------------
[debug] [2021-01-17T17:04:31.699Z] 
[debug] [2021-01-17T17:04:31.704Z] > command requires scopes: ["email","openid","https://www.googleapis.com/auth/cloudplatformprojects.readonly","https://www.googleapis.com/auth/firebase","https://www.googleapis.com/auth/cloud-platform"]
[debug] [2021-01-17T17:04:31.705Z] > authorizing via signed-in user
[debug] [2021-01-17T17:04:31.705Z] [iam] checking project gina-corrieri for permissions ["firebase.projects.get"]
[debug] [2021-01-17T17:04:31.707Z] > refreshing access token with scopes: ["email","https://www.googleapis.com/auth/cloud-platform","https://www.googleapis.com/auth/cloudplatformprojects.readonly","https://www.googleapis.com/auth/firebase","openid"]
[debug] [2021-01-17T17:04:31.707Z] >>> HTTP REQUEST POST https://www.googleapis.com/oauth2/v3/token  
 <request body omitted>
[debug] [2021-01-17T17:04:31.896Z] <<< HTTP RESPONSE 200 {"date":"Sun, 17 Jan 2021 17:04:32 GMT","expires":"Mon, 01 Jan 1990 00:00:00 GMT","cache-control":"no-cache, no-store, max-age=0, must-revalidate","pragma":"no-cache","content-type":"application/json; charset=utf-8","vary":"X-Origin, Referer, Origin,Accept-Encoding","server":"scaffolding on HTTPServer2","x-xss-protection":"0","x-frame-options":"SAMEORIGIN","x-content-type-options":"nosniff","alt-svc":"h3-29=\":443\"; ma=2592000,h3-T051=\":443\"; ma=2592000,h3-Q050=\":443\"; ma=2592000,h3-Q046=\":443\"; ma=2592000,h3-Q043=\":443\"; ma=2592000,quic=\":443\"; ma=2592000; v=\"46,43\"","accept-ranges":"none","transfer-encoding":"chunked"}
[debug] [2021-01-17T17:04:31.931Z] >>> HTTP REQUEST POST https://cloudresourcemanager.googleapis.com/v1/projects/gina-corrieri:testIamPermissions  
 {"permissions":["firebase.projects.get"]}
[debug] [2021-01-17T17:04:32.601Z] <<< HTTP RESPONSE 200 {"content-type":"application/json; charset=UTF-8","vary":"X-Origin, Referer, Origin,Accept-Encoding","date":"Sun, 17 Jan 2021 17:04:32 GMT","server":"ESF","cache-control":"private","x-xss-protection":"0","x-frame-options":"SAMEORIGIN","x-content-type-options":"nosniff","server-timing":"gfet4t7; dur=548","alt-svc":"h3-29=\":443\"; ma=2592000,h3-T051=\":443\"; ma=2592000,h3-Q050=\":443\"; ma=2592000,h3-Q046=\":443\"; ma=2592000,h3-Q043=\":443\"; ma=2592000,quic=\":443\"; ma=2592000; v=\"46,43\"","accept-ranges":"none","transfer-encoding":"chunked"}
[debug] [2021-01-17T17:04:32.604Z] >>> HTTP REQUEST GET http://localhost:4400/emulators  
 
[debug] [2021-01-17T17:04:32.616Z] <<< HTTP RESPONSE 200 {"x-powered-by":"Express","content-type":"application/json; charset=utf-8","content-length":"238","etag":"W/\"ee-jUHMw4DX/bNsAMshz0NNcdE5NI8\"","date":"Sun, 17 Jan 2021 17:04:32 GMT","connection":"keep-alive","keep-alive":"timeout=5"}
[debug] [2021-01-17T17:04:32.617Z] Running emulators:  {"hub":{"name":"hub","host":"localhost","port":4400},"ui":{"name":"ui","host":"localhost","port":4000,"pid":4422},"logging":{"name":"logging","host":"localhost","port":4500},"functions":{"name":"functions","host":"localhost","port":5001}}
[warn] ⚠  Your requested "node" version "12" doesn't match your global version "14" {"metadata":{"emulator":{"name":"functions"},"message":"Your requested \"node\" version \"12\" doesn't match your global version \"14\""}}
[debug] [2021-01-17T17:04:32.630Z] defaultcredentials: writing to file /Users/matthewgilligan/.config/firebase/gina_ginacorrieri_com_application_default_credentials.json
[debug] [2021-01-17T17:04:32.632Z] DEBUG: Setting GAC to /Users/matthewgilligan/.config/firebase/gina_ginacorrieri_com_application_default_credentials.json
[debug] [2021-01-17T17:04:32.633Z] > refreshing access token with scopes: []
[debug] [2021-01-17T17:04:32.634Z] >>> HTTP REQUEST POST https://www.googleapis.com/oauth2/v3/token  
 <request body omitted>
[debug] [2021-01-17T17:04:32.762Z] <<< HTTP RESPONSE 200 {"date":"Sun, 17 Jan 2021 17:04:33 GMT","expires":"Mon, 01 Jan 1990 00:00:00 GMT","pragma":"no-cache","cache-control":"no-cache, no-store, max-age=0, must-revalidate","content-type":"application/json; charset=utf-8","vary":"X-Origin, Referer, Origin,Accept-Encoding","server":"scaffolding on HTTPServer2","x-xss-protection":"0","x-frame-options":"SAMEORIGIN","x-content-type-options":"nosniff","alt-svc":"h3-29=\":443\"; ma=2592000,h3-T051=\":443\"; ma=2592000,h3-Q050=\":443\"; ma=2592000,h3-Q046=\":443\"; ma=2592000,h3-Q043=\":443\"; ma=2592000,quic=\":443\"; ma=2592000; v=\"46,43\"","accept-ranges":"none","transfer-encoding":"chunked"}
[debug] [2021-01-17T17:04:32.794Z] >>> [apiv2][query] GET https://firebase.googleapis.com/v1beta1/projects/gina-corrieri/adminSdkConfig [none]
[debug] [2021-01-17T17:05:37.198Z] [work-queue] {"queueLength":1,"workRunningCount":0}
[debug] [2021-01-17T17:05:37.199Z] [work-queue] {"queueLength":0,"workRunningCount":1}
[debug] [2021-01-17T17:05:37.199Z] Accepted request OPTIONS /gina-corrieri/us-central1/api/payments/create --> api
[debug] [2021-01-17T17:05:37.204Z] [worker-pool] addWorker(api) {"metadata":{"emulator":{"name":"functions"},"message":"[worker-pool] addWorker(api)"}}
[debug] [2021-01-17T17:05:37.204Z] [worker-pool] Adding worker with key api, total=1 {"metadata":{"emulator":{"name":"functions"},"message":"[worker-pool] Adding worker with key api, total=1"}}
[debug] [2021-01-17T17:05:37.204Z] [worker-pool] submitWork(triggerId=api) {"metadata":{"emulator":{"name":"functions"},"message":"[worker-pool] submitWork(triggerId=api)"}}
[debug] [2021-01-17T17:05:37.205Z] [worker-api-df575c35-77ac-4b2f-9a52-59cc6f04e539]: Assigning socketPath: /var/folders/z1/3hdz7nxd107f4t5sw3r7nzy40000gn/T/fire_emu_4494.sock {"metadata":{"emulator":{"name":"functions"},"message":"[worker-api-df575c35-77ac-4b2f-9a52-59cc6f04e539]: Assigning socketPath: /var/folders/z1/3hdz7nxd107f4t5sw3r7nzy40000gn/T/fire_emu_4494.sock"}}
[debug] [2021-01-17T17:05:37.205Z] [worker-api-df575c35-77ac-4b2f-9a52-59cc6f04e539]: BUSY {"metadata":{"emulator":{"name":"functions"},"message":"[worker-api-df575c35-77ac-4b2f-9a52-59cc6f04e539]: BUSY"}}
[debug] [2021-01-17T17:05:37.453Z] [runtime-status] [4494] Functions runtime initialized. {"cwd":"/Users/matthewgilligan/Code/freelance/gina-corrieri/functions","node_version":"14.9.0"} {"metadata":{"emulator":{"name":"functions"},"function":{"name":"api"},"message":"[runtime-status] [4494] Functions runtime initialized. {\"cwd\":\"/Users/matthewgilligan/Code/freelance/gina-corrieri/functions\",\"node_version\":\"14.9.0\"}"}}
[debug] [2021-01-17T17:05:37.454Z] [runtime-status] [4494] Disabled runtime features: undefined {"metadata":{"emulator":{"name":"functions"},"function":{"name":"api"},"message":"[runtime-status] [4494] Disabled runtime features: undefined"}}
[debug] [2021-01-17T17:05:37.459Z] [runtime-status] [4494] Resolved module firebase-admin {"declared":true,"installed":true,"version":"9.4.2","resolution":"/Users/matthewgilligan/Code/freelance/gina-corrieri/functions/node_modules/firebase-admin/lib/index.js"} {"metadata":{"emulator":{"name":"functions"},"function":{"name":"api"},"message":"[runtime-status] [4494] Resolved module firebase-admin {\"declared\":true,\"installed\":true,\"version\":\"9.4.2\",\"resolution\":\"/Users/matthewgilligan/Code/freelance/gina-corrieri/functions/node_modules/firebase-admin/lib/index.js\"}"}}
[debug] [2021-01-17T17:05:37.462Z] [runtime-status] [4494] Resolved module firebase-functions {"declared":true,"installed":true,"version":"3.13.1","resolution":"/Users/matthewgilligan/Code/freelance/gina-corrieri/functions/node_modules/firebase-functions/lib/index.js"} {"metadata":{"emulator":{"name":"functions"},"function":{"name":"api"},"message":"[runtime-status] [4494] Resolved module firebase-functions {\"declared\":true,\"installed\":true,\"version\":\"3.13.1\",\"resolution\":\"/Users/matthewgilligan/Code/freelance/gina-corrieri/functions/node_modules/firebase-functions/lib/index.js\"}"}}
[debug] [2021-01-17T17:05:37.463Z] [runtime-status] [4494] Resolved module firebase-functions {"declared":true,"installed":true,"version":"3.13.1","resolution":"/Users/matthewgilligan/Code/freelance/gina-corrieri/functions/node_modules/firebase-functions/lib/index.js"} {"metadata":{"emulator":{"name":"functions"},"function":{"name":"api"},"message":"[runtime-status] [4494] Resolved module firebase-functions {\"declared\":true,\"installed\":true,\"version\":\"3.13.1\",\"resolution\":\"/Users/matthewgilligan/Code/freelance/gina-corrieri/functions/node_modules/firebase-functions/lib/index.js\"}"}}
[debug] [2021-01-17T17:05:37.465Z] [runtime-status] [4494] Outgoing network have been stubbed. [{"name":"http","status":"mocked"},{"name":"http","status":"mocked"},{"name":"https","status":"mocked"},{"name":"https","status":"mocked"},{"name":"net","status":"mocked"}] {"metadata":{"emulator":{"name":"functions"},"function":{"name":"api"},"message":"[runtime-status] [4494] Outgoing network have been stubbed. [{\"name\":\"http\",\"status\":\"mocked\"},{\"name\":\"http\",\"status\":\"mocked\"},{\"name\":\"https\",\"status\":\"mocked\"},{\"name\":\"https\",\"status\":\"mocked\"},{\"name\":\"net\",\"status\":\"mocked\"}]"}}
[debug] [2021-01-17T17:05:37.465Z] [runtime-status] [4494] Resolved module firebase-functions {"declared":true,"installed":true,"version":"3.13.1","resolution":"/Users/matthewgilligan/Code/freelance/gina-corrieri/functions/node_modules/firebase-functions/lib/index.js"} {"metadata":{"emulator":{"name":"functions"},"function":{"name":"api"},"message":"[runtime-status] [4494] Resolved module firebase-functions {\"declared\":true,\"installed\":true,\"version\":\"3.13.1\",\"resolution\":\"/Users/matthewgilligan/Code/freelance/gina-corrieri/functions/node_modules/firebase-functions/lib/index.js\"}"}}
[debug] [2021-01-17T17:05:37.523Z] [runtime-status] [4494] Checked functions.config() {"config":{}} {"metadata":{"emulator":{"name":"functions"},"function":{"name":"api"},"message":"[runtime-status] [4494] Checked functions.config() {\"config\":{}}"}}
[debug] [2021-01-17T17:05:37.524Z] [runtime-status] [4494] firebase-functions has been stubbed. {"functionsResolution":{"declared":true,"installed":true,"version":"3.13.1","resolution":"/Users/matthewgilligan/Code/freelance/gina-corrieri/functions/node_modules/firebase-functions/lib/index.js"}} {"metadata":{"emulator":{"name":"functions"},"function":{"name":"api"},"message":"[runtime-status] [4494] firebase-functions has been stubbed. {\"functionsResolution\":{\"declared\":true,\"installed\":true,\"version\":\"3.13.1\",\"resolution\":\"/Users/matthewgilligan/Code/freelance/gina-corrieri/functions/node_modules/firebase-functions/lib/index.js\"}}"}}
[debug] [2021-01-17T17:05:37.524Z] [runtime-status] [4494] Resolved module firebase-functions {"declared":true,"installed":true,"version":"3.13.1","resolution":"/Users/matthewgilligan/Code/freelance/gina-corrieri/functions/node_modules/firebase-functions/lib/index.js"} {"metadata":{"emulator":{"name":"functions"},"function":{"name":"api"},"message":"[runtime-status] [4494] Resolved module firebase-functions {\"declared\":true,\"installed\":true,\"version\":\"3.13.1\",\"resolution\":\"/Users/matthewgilligan/Code/freelance/gina-corrieri/functions/node_modules/firebase-functions/lib/index.js\"}"}}
[debug] [2021-01-17T17:05:37.525Z] [runtime-status] [4494] Resolved module firebase-admin {"declared":true,"installed":true,"version":"9.4.2","resolution":"/Users/matthewgilligan/Code/freelance/gina-corrieri/functions/node_modules/firebase-admin/lib/index.js"} {"metadata":{"emulator":{"name":"functions"},"function":{"name":"api"},"message":"[runtime-status] [4494] Resolved module firebase-admin {\"declared\":true,\"installed\":true,\"version\":\"9.4.2\",\"resolution\":\"/Users/matthewgilligan/Code/freelance/gina-corrieri/functions/node_modules/firebase-admin/lib/index.js\"}"}}
[debug] [2021-01-17T17:05:37.525Z] [runtime-status] [4494] Resolved module firebase-functions {"declared":true,"installed":true,"version":"3.13.1","resolution":"/Users/matthewgilligan/Code/freelance/gina-corrieri/functions/node_modules/firebase-functions/lib/index.js"} {"metadata":{"emulator":{"name":"functions"},"function":{"name":"api"},"message":"[runtime-status] [4494] Resolved module firebase-functions {\"declared\":true,\"installed\":true,\"version\":\"3.13.1\",\"resolution\":\"/Users/matthewgilligan/Code/freelance/gina-corrieri/functions/node_modules/firebase-functions/lib/index.js\"}"}}
[debug] [2021-01-17T17:05:37.525Z] [runtime-status] [4494] firebase-admin has been stubbed. {"adminResolution":{"declared":true,"installed":true,"version":"9.4.2","resolution":"/Users/matthewgilligan/Code/freelance/gina-corrieri/functions/node_modules/firebase-admin/lib/index.js"}} {"metadata":{"emulator":{"name":"functions"},"function":{"name":"api"},"message":"[runtime-status] [4494] firebase-admin has been stubbed. {\"adminResolution\":{\"declared\":true,\"installed\":true,\"version\":\"9.4.2\",\"resolution\":\"/Users/matthewgilligan/Code/freelance/gina-corrieri/functions/node_modules/firebase-admin/lib/index.js\"}}"}}
[debug] [2021-01-17T17:05:37.693Z] [runtime-status] [4494] Trigger "api" has been found, beginning invocation! {"metadata":{"emulator":{"name":"functions"},"function":{"name":"api"},"message":"[runtime-status] [4494] Trigger \"api\" has been found, beginning invocation!"}}
[info] i  functions: Beginning execution of "api" {"metadata":{"emulator":{"name":"functions"},"function":{"name":"api"},"message":"Beginning execution of \"api\""}}
[debug] [2021-01-17T17:05:37.693Z] [runtime-status] [4494] triggerDefinition {"httpsTrigger":{},"name":"api","entryPoint":"api"} {"metadata":{"emulator":{"name":"functions"},"function":{"name":"api"},"message":"[runtime-status] [4494] triggerDefinition {\"httpsTrigger\":{},\"name\":\"api\",\"entryPoint\":\"api\"}"}}
[debug] [2021-01-17T17:05:37.693Z] [runtime-status] [4494] Running api in mode HTTPS {"metadata":{"emulator":{"name":"functions"},"function":{"name":"api"},"message":"[runtime-status] [4494] Running api in mode HTTPS"}}
[debug] [2021-01-17T17:05:37.696Z] [runtime-status] [4494] Attempting to listen to socketPath: /var/folders/z1/3hdz7nxd107f4t5sw3r7nzy40000gn/T/fire_emu_4494.sock {"metadata":{"emulator":{"name":"functions"},"function":{"name":"api"},"message":"[runtime-status] [4494] Attempting to listen to socketPath: /var/folders/z1/3hdz7nxd107f4t5sw3r7nzy40000gn/T/fire_emu_4494.sock"}}
[debug] [2021-01-17T17:05:37.698Z] [functions] Runtime ready! Sending request! {"metadata":{"emulator":{"name":"functions"},"message":"[functions] Runtime ready! Sending request!"}}
[debug] [2021-01-17T17:05:37.699Z] [functions] Got req.url=/gina-corrieri/us-central1/api/payments/create, mapping to path=/payments/create {"metadata":{"emulator":{"name":"functions"},"message":"[functions] Got req.url=/gina-corrieri/us-central1/api/payments/create, mapping to path=/payments/create"}}
[debug] [2021-01-17T17:05:37.704Z] [runtime-status] [4494] Ephemeral server handling OPTIONS request {"metadata":{"emulator":{"name":"functions"},"function":{"name":"api"},"message":"[runtime-status] [4494] Ephemeral server handling OPTIONS request"}}
[debug] [2021-01-17T17:05:37.709Z] [work-queue] {"queueLength":1,"workRunningCount":1}
[debug] [2021-01-17T17:05:37.709Z] [work-queue] {"queueLength":0,"workRunningCount":2}
[debug] [2021-01-17T17:05:37.709Z] Accepted request POST /gina-corrieri/us-central1/api/payments/create --> api
[debug] [2021-01-17T17:05:37.713Z] [worker-pool] addWorker(api) {"metadata":{"emulator":{"name":"functions"},"message":"[worker-pool] addWorker(api)"}}
[debug] [2021-01-17T17:05:37.713Z] [worker-pool] Adding worker with key api, total=2 {"metadata":{"emulator":{"name":"functions"},"message":"[worker-pool] Adding worker with key api, total=2"}}
[debug] [2021-01-17T17:05:37.713Z] [worker-pool] submitWork(triggerId=api) {"metadata":{"emulator":{"name":"functions"},"message":"[worker-pool] submitWork(triggerId=api)"}}
[debug] [2021-01-17T17:05:37.713Z] [worker-api-f860e426-4b27-4809-82b2-ccd2b937e4cd]: Assigning socketPath: /var/folders/z1/3hdz7nxd107f4t5sw3r7nzy40000gn/T/fire_emu_4495.sock {"metadata":{"emulator":{"name":"functions"},"message":"[worker-api-f860e426-4b27-4809-82b2-ccd2b937e4cd]: Assigning socketPath: /var/folders/z1/3hdz7nxd107f4t5sw3r7nzy40000gn/T/fire_emu_4495.sock"}}
[debug] [2021-01-17T17:05:37.713Z] [worker-api-f860e426-4b27-4809-82b2-ccd2b937e4cd]: BUSY {"metadata":{"emulator":{"name":"functions"},"message":"[worker-api-f860e426-4b27-4809-82b2-ccd2b937e4cd]: BUSY"}}
[debug] [2021-01-17T17:05:37.714Z] [runtime-status] [4494] Ephemeral server survived. {"metadata":{"emulator":{"name":"functions"},"function":{"name":"api"},"message":"[runtime-status] [4494] Ephemeral server survived."}}
[info] i  functions: Finished "api" in ~1s {"metadata":{"emulator":{"name":"functions"},"function":{"name":"api"},"message":"Finished \"api\" in ~1s"}}
[debug] [2021-01-17T17:05:37.714Z] [worker-api-df575c35-77ac-4b2f-9a52-59cc6f04e539]: IDLE {"metadata":{"emulator":{"name":"functions"},"message":"[worker-api-df575c35-77ac-4b2f-9a52-59cc6f04e539]: IDLE"}}
[debug] [2021-01-17T17:05:37.715Z] [work-queue] {"queueLength":0,"workRunningCount":1}
[debug] [2021-01-17T17:05:37.840Z] [runtime-status] [4495] Functions runtime initialized. {"cwd":"/Users/matthewgilligan/Code/freelance/gina-corrieri/functions","node_version":"14.9.0"} {"metadata":{"emulator":{"name":"functions"},"function":{"name":"api"},"message":"[runtime-status] [4495] Functions runtime initialized. {\"cwd\":\"/Users/matthewgilligan/Code/freelance/gina-corrieri/functions\",\"node_version\":\"14.9.0\"}"}}
[debug] [2021-01-17T17:05:37.841Z] [runtime-status] [4495] Disabled runtime features: undefined {"metadata":{"emulator":{"name":"functions"},"function":{"name":"api"},"message":"[runtime-status] [4495] Disabled runtime features: undefined"}}
[debug] [2021-01-17T17:05:37.843Z] [runtime-status] [4495] Resolved module firebase-admin {"declared":true,"installed":true,"version":"9.4.2","resolution":"/Users/matthewgilligan/Code/freelance/gina-corrieri/functions/node_modules/firebase-admin/lib/index.js"} {"metadata":{"emulator":{"name":"functions"},"function":{"name":"api"},"message":"[runtime-status] [4495] Resolved module firebase-admin {\"declared\":true,\"installed\":true,\"version\":\"9.4.2\",\"resolution\":\"/Users/matthewgilligan/Code/freelance/gina-corrieri/functions/node_modules/firebase-admin/lib/index.js\"}"}}
[debug] [2021-01-17T17:05:37.844Z] [runtime-status] [4495] Resolved module firebase-functions {"declared":true,"installed":true,"version":"3.13.1","resolution":"/Users/matthewgilligan/Code/freelance/gina-corrieri/functions/node_modules/firebase-functions/lib/index.js"} {"metadata":{"emulator":{"name":"functions"},"function":{"name":"api"},"message":"[runtime-status] [4495] Resolved module firebase-functions {\"declared\":true,\"installed\":true,\"version\":\"3.13.1\",\"resolution\":\"/Users/matthewgilligan/Code/freelance/gina-corrieri/functions/node_modules/firebase-functions/lib/index.js\"}"}}
[debug] [2021-01-17T17:05:37.846Z] [runtime-status] [4495] Resolved module firebase-functions {"declared":true,"installed":true,"version":"3.13.1","resolution":"/Users/matthewgilligan/Code/freelance/gina-corrieri/functions/node_modules/firebase-functions/lib/index.js"} {"metadata":{"emulator":{"name":"functions"},"function":{"name":"api"},"message":"[runtime-status] [4495] Resolved module firebase-functions {\"declared\":true,\"installed\":true,\"version\":\"3.13.1\",\"resolution\":\"/Users/matthewgilligan/Code/freelance/gina-corrieri/functions/node_modules/firebase-functions/lib/index.js\"}"}}
[debug] [2021-01-17T17:05:37.847Z] [runtime-status] [4495] Outgoing network have been stubbed. [{"name":"http","status":"mocked"},{"name":"http","status":"mocked"},{"name":"https","status":"mocked"},{"name":"https","status":"mocked"},{"name":"net","status":"mocked"}] {"metadata":{"emulator":{"name":"functions"},"function":{"name":"api"},"message":"[runtime-status] [4495] Outgoing network have been stubbed. [{\"name\":\"http\",\"status\":\"mocked\"},{\"name\":\"http\",\"status\":\"mocked\"},{\"name\":\"https\",\"status\":\"mocked\"},{\"name\":\"https\",\"status\":\"mocked\"},{\"name\":\"net\",\"status\":\"mocked\"}]"}}
[debug] [2021-01-17T17:05:37.848Z] [runtime-status] [4495] Resolved module firebase-functions {"declared":true,"installed":true,"version":"3.13.1","resolution":"/Users/matthewgilligan/Code/freelance/gina-corrieri/functions/node_modules/firebase-functions/lib/index.js"} {"metadata":{"emulator":{"name":"functions"},"function":{"name":"api"},"message":"[runtime-status] [4495] Resolved module firebase-functions {\"declared\":true,\"installed\":true,\"version\":\"3.13.1\",\"resolution\":\"/Users/matthewgilligan/Code/freelance/gina-corrieri/functions/node_modules/firebase-functions/lib/index.js\"}"}}
[debug] [2021-01-17T17:05:37.878Z] [runtime-status] [4495] Checked functions.config() {"config":{}} {"metadata":{"emulator":{"name":"functions"},"function":{"name":"api"},"message":"[runtime-status] [4495] Checked functions.config() {\"config\":{}}"}}
[debug] [2021-01-17T17:05:37.878Z] [runtime-status] [4495] firebase-functions has been stubbed. {"functionsResolution":{"declared":true,"installed":true,"version":"3.13.1","resolution":"/Users/matthewgilligan/Code/freelance/gina-corrieri/functions/node_modules/firebase-functions/lib/index.js"}} {"metadata":{"emulator":{"name":"functions"},"function":{"name":"api"},"message":"[runtime-status] [4495] firebase-functions has been stubbed. {\"functionsResolution\":{\"declared\":true,\"installed\":true,\"version\":\"3.13.1\",\"resolution\":\"/Users/matthewgilligan/Code/freelance/gina-corrieri/functions/node_modules/firebase-functions/lib/index.js\"}}"}}
[debug] [2021-01-17T17:05:37.879Z] [runtime-status] [4495] Resolved module firebase-functions {"declared":true,"installed":true,"version":"3.13.1","resolution":"/Users/matthewgilligan/Code/freelance/gina-corrieri/functions/node_modules/firebase-functions/lib/index.js"} {"metadata":{"emulator":{"name":"functions"},"function":{"name":"api"},"message":"[runtime-status] [4495] Resolved module firebase-functions {\"declared\":true,\"installed\":true,\"version\":\"3.13.1\",\"resolution\":\"/Users/matthewgilligan/Code/freelance/gina-corrieri/functions/node_modules/firebase-functions/lib/index.js\"}"}}
[debug] [2021-01-17T17:05:37.879Z] [runtime-status] [4495] Resolved module firebase-admin {"declared":true,"installed":true,"version":"9.4.2","resolution":"/Users/matthewgilligan/Code/freelance/gina-corrieri/functions/node_modules/firebase-admin/lib/index.js"} {"metadata":{"emulator":{"name":"functions"},"function":{"name":"api"},"message":"[runtime-status] [4495] Resolved module firebase-admin {\"declared\":true,\"installed\":true,\"version\":\"9.4.2\",\"resolution\":\"/Users/matthewgilligan/Code/freelance/gina-corrieri/functions/node_modules/firebase-admin/lib/index.js\"}"}}
[debug] [2021-01-17T17:05:37.880Z] [runtime-status] [4495] Resolved module firebase-functions {"declared":true,"installed":true,"version":"3.13.1","resolution":"/Users/matthewgilligan/Code/freelance/gina-corrieri/functions/node_modules/firebase-functions/lib/index.js"} {"metadata":{"emulator":{"name":"functions"},"function":{"name":"api"},"message":"[runtime-status] [4495] Resolved module firebase-functions {\"declared\":true,\"installed\":true,\"version\":\"3.13.1\",\"resolution\":\"/Users/matthewgilligan/Code/freelance/gina-corrieri/functions/node_modules/firebase-functions/lib/index.js\"}"}}
[debug] [2021-01-17T17:05:37.880Z] [runtime-status] [4495] firebase-admin has been stubbed. {"adminResolution":{"declared":true,"installed":true,"version":"9.4.2","resolution":"/Users/matthewgilligan/Code/freelance/gina-corrieri/functions/node_modules/firebase-admin/lib/index.js"}} {"metadata":{"emulator":{"name":"functions"},"function":{"name":"api"},"message":"[runtime-status] [4495] firebase-admin has been stubbed. {\"adminResolution\":{\"declared\":true,\"installed\":true,\"version\":\"9.4.2\",\"resolution\":\"/Users/matthewgilligan/Code/freelance/gina-corrieri/functions/node_modules/firebase-admin/lib/index.js\"}}"}}
[debug] [2021-01-17T17:05:37.959Z] [runtime-status] [4495] Trigger "api" has been found, beginning invocation! {"metadata":{"emulator":{"name":"functions"},"function":{"name":"api"},"message":"[runtime-status] [4495] Trigger \"api\" has been found, beginning invocation!"}}
[info] i  functions: Beginning execution of "api" {"metadata":{"emulator":{"name":"functions"},"function":{"name":"api"},"message":"Beginning execution of \"api\""}}
[debug] [2021-01-17T17:05:37.960Z] [runtime-status] [4495] triggerDefinition {"httpsTrigger":{},"name":"api","entryPoint":"api"} {"metadata":{"emulator":{"name":"functions"},"function":{"name":"api"},"message":"[runtime-status] [4495] triggerDefinition {\"httpsTrigger\":{},\"name\":\"api\",\"entryPoint\":\"api\"}"}}
[debug] [2021-01-17T17:05:37.960Z] [runtime-status] [4495] Running api in mode HTTPS {"metadata":{"emulator":{"name":"functions"},"function":{"name":"api"},"message":"[runtime-status] [4495] Running api in mode HTTPS"}}
[debug] [2021-01-17T17:05:37.962Z] [runtime-status] [4495] Attempting to listen to socketPath: /var/folders/z1/3hdz7nxd107f4t5sw3r7nzy40000gn/T/fire_emu_4495.sock {"metadata":{"emulator":{"name":"functions"},"function":{"name":"api"},"message":"[runtime-status] [4495] Attempting to listen to socketPath: /var/folders/z1/3hdz7nxd107f4t5sw3r7nzy40000gn/T/fire_emu_4495.sock"}}
[debug] [2021-01-17T17:05:37.964Z] [functions] Runtime ready! Sending request! {"metadata":{"emulator":{"name":"functions"},"message":"[functions] Runtime ready! Sending request!"}}
[debug] [2021-01-17T17:05:37.964Z] [functions] Got req.url=/gina-corrieri/us-central1/api/payments/create, mapping to path=/payments/create {"metadata":{"emulator":{"name":"functions"},"message":"[functions] Got req.url=/gina-corrieri/us-central1/api/payments/create, mapping to path=/payments/create"}}
[debug] [2021-01-17T17:05:37.989Z] [runtime-status] [4495] Ephemeral server handling POST request {"metadata":{"emulator":{"name":"functions"},"function":{"name":"api"},"message":"[runtime-status] [4495] Ephemeral server handling POST request"}}
[debug] [2021-01-17T17:05:37.998Z] [runtime-status] [4495] Ephemeral server survived. {"metadata":{"emulator":{"name":"functions"},"function":{"name":"api"},"message":"[runtime-status] [4495] Ephemeral server survived."}}
[info] i  functions: Finished "api" in ~1s {"metadata":{"emulator":{"name":"functions"},"function":{"name":"api"},"message":"Finished \"api\" in ~1s"}}
[debug] [2021-01-17T17:05:38.760Z] [worker-api-f860e426-4b27-4809-82b2-ccd2b937e4cd]: IDLE {"metadata":{"emulator":{"name":"functions"},"message":"[worker-api-f860e426-4b27-4809-82b2-ccd2b937e4cd]: IDLE"}}
[debug] [2021-01-17T17:05:38.761Z] [work-queue] {"queueLength":0,"workRunningCount":0}
